d:\vsprojram\mfc_xunlei_vip\mfc_xunlei_vip\debug\mfc_xunlei_vip.pch
d:\vsprojram\mfc_xunlei_vip\mfc_xunlei_vip\debug\vc140.pdb
d:\vsprojram\mfc_xunlei_vip\mfc_xunlei_vip\debug\vc140.idb
d:\vsprojram\mfc_xunlei_vip\mfc_xunlei_vip\debug\stdafx.obj
d:\vsprojram\mfc_xunlei_vip\mfc_xunlei_vip\debug\mfc_xunlei_vip.obj
d:\vsprojram\mfc_xunlei_vip\mfc_xunlei_vip\debug\mfc_xunlei_vipdlg.obj
d:\vsprojram\mfc_xunlei_vip\mfc_xunlei_vip\debug\urlfile.obj
d:\vsprojram\mfc_xunlei_vip\mfc_xunlei_vip\bin\mfc_xunlei_vip.ilk
d:\vsprojram\mfc_xunlei_vip\mfc_xunlei_vip\bin\mfc_xunlei_vip.exe
d:\vsprojram\mfc_xunlei_vip\mfc_xunlei_vip\bin\mfc_xunlei_vip.pdb
d:\vsprojram\mfc_xunlei_vip\mfc_xunlei_vip\debug\mfc_xunlei_vip.res
d:\vsprojram\mfc_xunlei_vip\mfc_xunlei_vip\.\bin\mfc_xunlei_vip.exe
d:\vsprojram\mfc_xunlei_vip\mfc_xunlei_vip\debug\mfc_xunlei_vip.tlog\cl.command.1.tlog
d:\vsprojram\mfc_xunlei_vip\mfc_xunlei_vip\debug\mfc_xunlei_vip.tlog\cl.read.1.tlog
d:\vsprojram\mfc_xunlei_vip\mfc_xunlei_vip\debug\mfc_xunlei_vip.tlog\cl.write.1.tlog
d:\vsprojram\mfc_xunlei_vip\mfc_xunlei_vip\debug\mfc_xunlei_vip.tlog\link.command.1.tlog
d:\vsprojram\mfc_xunlei_vip\mfc_xunlei_vip\debug\mfc_xunlei_vip.tlog\link.read.1.tlog
d:\vsprojram\mfc_xunlei_vip\mfc_xunlei_vip\debug\mfc_xunlei_vip.tlog\link.write.1.tlog
d:\vsprojram\mfc_xunlei_vip\mfc_xunlei_vip\debug\mfc_xunlei_vip.tlog\rc.command.1.tlog
d:\vsprojram\mfc_xunlei_vip\mfc_xunlei_vip\debug\mfc_xunlei_vip.tlog\rc.read.1.tlog
d:\vsprojram\mfc_xunlei_vip\mfc_xunlei_vip\debug\mfc_xunlei_vip.tlog\rc.write.1.tlog
